# JRE version: OpenJDK Runtime Environment (21.0.4) (build 21.0.4+-12508038-b607.1)
# Java VM: OpenJDK 64-Bit Server VM (21.0.4+-12508038-b607.1, mixed mode, tiered, compressed oops, compressed class ptrs, g1 gc, windows-amd64)
GC Precious Log:
 CardTable entry size: 512
 Card Set container configuration: InlinePtr #cards 5 size 8 Array Of Cards #cards 12 size 40 Howl #buckets 4 coarsen threshold 1843 Howl Bitmap #cards 512 size 80 coarsen threshold 460 Card regions per heap region 1 cards per card region 2048
 CPUs: 8 total, 8 available
 Memory: 7103M
 Large Page Support: Disabled
 NUMA Support: Disabled
 Compressed Oops: Enabled (32-bit)
 Heap Region Size: 1M
 Heap Min Capacity: 8M
 Heap Initial Capacity: 112M
 Heap Max Capacity: 2G
 Pre-touch: Disabled
 Parallel Workers: 8
 Concurrent Workers: 2
 Concurrent Refinement Workers: 8
 Periodic GC: Disabled
Heap:
 garbage-first heap   total 388096K, used 231574K [0x0000000080000000, 0x0000000100000000)
  region size 1024K, 1 young (1024K), 1 survivors (1024K)
 Metaspace       used 173168K, committed 174912K, reserved 1245184K
  class space    used 22983K, committed 23872K, reserved 1048576K
GC Heap History (20 events):
Event: 3484.218 GC heap after
{Heap after GC invocations=79 (full 0):
 garbage-first heap   total 385024K, used 221047K [0x0000000080000000, 0x0000000100000000)
  region size 1024K, 6 young (6144K), 6 survivors (6144K)
 Metaspace       used 164424K, committed 165952K, reserved 1245184K
  class space    used 21962K, committed 22720K, reserved 1048576K
}
Event: 3485.725 GC heap before
{Heap before GC invocations=79 (full 0):
 garbage-first heap   total 385024K, used 260983K [0x0000000080000000, 0x0000000100000000)
  region size 1024K, 31 young (31744K), 6 survivors (6144K)
 Metaspace       used 164482K, committed 165952K, reserved 1245184K
  class space    used 21962K, committed 22720K, reserved 1048576K
}
Event: 3485.806 GC heap after
{Heap after GC invocations=80 (full 0):
 garbage-first heap   total 385024K, used 225044K [0x0000000080000000, 0x0000000100000000)
  region size 1024K, 4 young (4096K), 4 survivors (4096K)
 Metaspace       used 164482K, committed 165952K, reserved 1245184K
  class space    used 21962K, committed 22720K, reserved 1048576K
}
Event: 3493.114 GC heap before
{Heap before GC invocations=80 (full 0):
 garbage-first heap   total 385024K, used 253716K [0x0000000080000000, 0x0000000100000000)
  region size 1024K, 32 young (32768K), 4 survivors (4096K)
 Metaspace       used 164527K, committed 166016K, reserved 1245184K
  class space    used 21962K, committed 22720K, reserved 1048576K
}
Event: 3493.160 GC heap after
{Heap after GC invocations=81 (full 0):
 garbage-first heap   total 385024K, used 231641K [0x0000000080000000, 0x0000000100000000)
  region size 1024K, 4 young (4096K), 4 survivors (4096K)
 Metaspace       used 164527K, committed 166016K, reserved 1245184K
  class space    used 21962K, committed 22720K, reserved 1048576K
}
Event: 3497.055 GC heap before
{Heap before GC invocations=81 (full 0):
 garbage-first heap   total 388096K, used 250073K [0x0000000080000000, 0x0000000100000000)
  region size 1024K, 23 young (23552K), 4 survivors (4096K)
 Metaspace       used 163828K, committed 165760K, reserved 1245184K
  class space    used 21876K, committed 22720K, reserved 1048576K
}
Event: 3497.071 GC heap after
{Heap after GC invocations=82 (full 0):
 garbage-first heap   total 388096K, used 233115K [0x0000000080000000, 0x0000000100000000)
  region size 1024K, 1 young (1024K), 1 survivors (1024K)
 Metaspace       used 163828K, committed 165760K, reserved 1245184K
  class space    used 21876K, committed 22720K, reserved 1048576K
}
Event: 3531.863 GC heap before
{Heap before GC invocations=83 (full 0):
 garbage-first heap   total 388096K, used 266907K [0x0000000080000000, 0x0000000100000000)
  region size 1024K, 21 young (21504K), 1 survivors (1024K)
 Metaspace       used 163835K, committed 165760K, reserved 1245184K
  class space    used 21876K, committed 22720K, reserved 1048576K
}
Event: 3531.938 GC heap after
{Heap after GC invocations=84 (full 0):
 garbage-first heap   total 388096K, used 232791K [0x0000000080000000, 0x0000000100000000)
  region size 1024K, 1 young (1024K), 1 survivors (1024K)
 Metaspace       used 163835K, committed 165760K, reserved 1245184K
  class space    used 21876K, committed 22720K, reserved 1048576K
}
Event: 3619.498 GC heap before
{Heap before GC invocations=84 (full 0):
 garbage-first heap   total 388096K, used 357719K [0x0000000080000000, 0x0000000100000000)
  region size 1024K, 124 young (126976K), 1 survivors (1024K)
 Metaspace       used 167097K, committed 168640K, reserved 1245184K
  class space    used 22296K, committed 23104K, reserved 1048576K
}
Event: 3619.654 GC heap after
{Heap after GC invocations=85 (full 0):
 garbage-first heap   total 388096K, used 235279K [0x0000000080000000, 0x0000000100000000)
  region size 1024K, 10 young (10240K), 10 survivors (10240K)
 Metaspace       used 167097K, committed 168640K, reserved 1245184K
  class space    used 22296K, committed 23104K, reserved 1048576K
}
Event: 3623.442 GC heap before
{Heap before GC invocations=85 (full 0):
 garbage-first heap   total 388096K, used 302863K [0x0000000080000000, 0x0000000100000000)
  region size 1024K, 76 young (77824K), 10 survivors (10240K)
 Metaspace       used 167863K, committed 169536K, reserved 1245184K
  class space    used 22384K, committed 23232K, reserved 1048576K
}
Event: 3623.520 GC heap after
{Heap after GC invocations=86 (full 0):
 garbage-first heap   total 388096K, used 237049K [0x0000000080000000, 0x0000000100000000)
  region size 1024K, 7 young (7168K), 7 survivors (7168K)
 Metaspace       used 167863K, committed 169536K, reserved 1245184K
  class space    used 22384K, committed 23232K, reserved 1048576K
}
Event: 4179.701 GC heap before
{Heap before GC invocations=86 (full 0):
 garbage-first heap   total 388096K, used 357881K [0x0000000080000000, 0x0000000100000000)
  region size 1024K, 126 young (129024K), 7 survivors (7168K)
 Metaspace       used 168707K, committed 170432K, reserved 1245184K
  class space    used 22506K, committed 23360K, reserved 1048576K
}
Event: 4180.186 GC heap after
{Heap after GC invocations=87 (full 0):
 garbage-first heap   total 388096K, used 237030K [0x0000000080000000, 0x0000000100000000)
  region size 1024K, 10 young (10240K), 10 survivors (10240K)
 Metaspace       used 168707K, committed 170432K, reserved 1245184K
  class space    used 22506K, committed 23360K, reserved 1048576K
}
Event: 4185.353 GC heap before
{Heap before GC invocations=87 (full 0):
 garbage-first heap   total 388096K, used 245222K [0x0000000080000000, 0x0000000100000000)
  region size 1024K, 18 young (18432K), 10 survivors (10240K)
 Metaspace       used 169451K, committed 171136K, reserved 1245184K
  class space    used 22581K, committed 23424K, reserved 1048576K
}
Event: 4185.422 GC heap after
{Heap after GC invocations=88 (full 0):
 garbage-first heap   total 388096K, used 235745K [0x0000000080000000, 0x0000000100000000)
  region size 1024K, 2 young (2048K), 2 survivors (2048K)
 Metaspace       used 169451K, committed 171136K, reserved 1245184K
  class space    used 22581K, committed 23424K, reserved 1048576K
}
Event: 4188.591 GC heap before
{Heap before GC invocations=88 (full 0):
 garbage-first heap   total 388096K, used 251105K [0x0000000080000000, 0x0000000100000000)
  region size 1024K, 18 young (18432K), 2 survivors (2048K)
 Metaspace       used 171045K, committed 172800K, reserved 1245184K
  class space    used 22789K, committed 23680K, reserved 1048576K
}
Event: 4188.704 GC heap after
{Heap after GC invocations=89 (full 0):
 garbage-first heap   total 388096K, used 233114K [0x0000000080000000, 0x0000000100000000)
  region size 1024K, 1 young (1024K), 1 survivors (1024K)
 Metaspace       used 171045K, committed 172800K, reserved 1245184K
  class space    used 22789K, committed 23680K, reserved 1048576K
}
Event: 4190.254 GC heap before
{Heap before GC invocations=89 (full 0):
 garbage-first heap   total 388096K, used 249498K [0x0000000080000000, 0x0000000100000000)
  region size 1024K, 18 young (18432K), 1 survivors (1024K)
 Metaspace       used 173168K, committed 174912K, reserved 1245184K
  class space    used 22983K, committed 23872K, reserved 1048576K
}

