# JRE version: OpenJDK Runtime Environment (21.0.4) (build 21.0.4+-12508038-b607.1)
# Java VM: OpenJDK 64-Bit Server VM (21.0.4+-12508038-b607.1, mixed mode, tiered, compressed oops, compressed class ptrs, g1 gc, windows-amd64)
GC Precious Log:
 CardTable entry size: 512
 Card Set container configuration: InlinePtr #cards 5 size 8 Array Of Cards #cards 12 size 40 Howl #buckets 4 coarsen threshold 1843 Howl Bitmap #cards 512 size 80 coarsen threshold 460 Card regions per heap region 1 cards per card region 2048
 CPUs: 8 total, 8 available
 Memory: 7103M
 Large Page Support: Disabled
 NUMA Support: Disabled
 Compressed Oops: Enabled (32-bit)
 Heap Region Size: 1M
 Heap Min Capacity: 8M
 Heap Initial Capacity: 112M
 Heap Max Capacity: 2G
 Pre-touch: Disabled
 Parallel Workers: 8
 Concurrent Workers: 2
 Concurrent Refinement Workers: 8
 Periodic GC: Disabled
Heap:
 garbage-first heap   total 203776K, used 122682K [0x0000000080000000, 0x0000000100000000)
  region size 1024K, 8 young (8192K), 6 survivors (6144K)
 Metaspace       used 107997K, committed 110080K, reserved 1179648K
  class space    used 14626K, committed 15680K, reserved 1048576K
GC Heap History (20 events):
Event: 76.160 GC heap before
{Heap before GC invocations=36 (full 0):
 garbage-first heap   total 126976K, used 110300K [0x0000000080000000, 0x0000000100000000)
  region size 1024K, 38 young (38912K), 4 survivors (4096K)
 Metaspace       used 93055K, committed 95104K, reserved 1179648K
  class space    used 12763K, committed 13760K, reserved 1048576K
}
Event: 76.172 GC heap after
{Heap after GC invocations=37 (full 0):
 garbage-first heap   total 126976K, used 77972K [0x0000000080000000, 0x0000000100000000)
  region size 1024K, 5 young (5120K), 5 survivors (5120K)
 Metaspace       used 93055K, committed 95104K, reserved 1179648K
  class space    used 12763K, committed 13760K, reserved 1048576K
}
Event: 78.398 GC heap before
{Heap before GC invocations=37 (full 0):
 garbage-first heap   total 126976K, used 113812K [0x0000000080000000, 0x0000000100000000)
  region size 1024K, 40 young (40960K), 5 survivors (5120K)
 Metaspace       used 95931K, committed 97920K, reserved 1179648K
  class space    used 13207K, committed 14208K, reserved 1048576K
}
Event: 78.408 GC heap after
{Heap after GC invocations=38 (full 0):
 garbage-first heap   total 126976K, used 78695K [0x0000000080000000, 0x0000000100000000)
  region size 1024K, 4 young (4096K), 4 survivors (4096K)
 Metaspace       used 95931K, committed 97920K, reserved 1179648K
  class space    used 13207K, committed 14208K, reserved 1048576K
}
Event: 80.260 GC heap before
{Heap before GC invocations=38 (full 0):
 garbage-first heap   total 126976K, used 115559K [0x0000000080000000, 0x0000000100000000)
  region size 1024K, 40 young (40960K), 4 survivors (4096K)
 Metaspace       used 99142K, committed 101184K, reserved 1179648K
  class space    used 13607K, committed 14592K, reserved 1048576K
}
Event: 80.273 GC heap after
{Heap after GC invocations=39 (full 0):
 garbage-first heap   total 126976K, used 81944K [0x0000000080000000, 0x0000000100000000)
  region size 1024K, 5 young (5120K), 5 survivors (5120K)
 Metaspace       used 99142K, committed 101184K, reserved 1179648K
  class space    used 13607K, committed 14592K, reserved 1048576K
}
Event: 83.349 GC heap before
{Heap before GC invocations=40 (full 0):
 garbage-first heap   total 138240K, used 111640K [0x0000000080000000, 0x0000000100000000)
  region size 1024K, 35 young (35840K), 5 survivors (5120K)
 Metaspace       used 101308K, committed 103424K, reserved 1179648K
  class space    used 13951K, committed 15040K, reserved 1048576K
}
Event: 83.363 GC heap after
{Heap after GC invocations=41 (full 0):
 garbage-first heap   total 138240K, used 86557K [0x0000000080000000, 0x0000000100000000)
  region size 1024K, 5 young (5120K), 5 survivors (5120K)
 Metaspace       used 101308K, committed 103424K, reserved 1179648K
  class space    used 13951K, committed 15040K, reserved 1048576K
}
Event: 86.452 GC heap before
{Heap before GC invocations=41 (full 0):
 garbage-first heap   total 138240K, used 123421K [0x0000000080000000, 0x0000000100000000)
  region size 1024K, 42 young (43008K), 5 survivors (5120K)
 Metaspace       used 101352K, committed 103488K, reserved 1179648K
  class space    used 13955K, committed 15040K, reserved 1048576K
}
Event: 86.470 GC heap after
{Heap after GC invocations=42 (full 0):
 garbage-first heap   total 138240K, used 87568K [0x0000000080000000, 0x0000000100000000)
  region size 1024K, 4 young (4096K), 4 survivors (4096K)
 Metaspace       used 101352K, committed 103488K, reserved 1179648K
  class space    used 13955K, committed 15040K, reserved 1048576K
}
Event: 87.108 GC heap before
{Heap before GC invocations=42 (full 0):
 garbage-first heap   total 138240K, used 94736K [0x0000000080000000, 0x0000000100000000)
  region size 1024K, 13 young (13312K), 4 survivors (4096K)
 Metaspace       used 101570K, committed 103744K, reserved 1179648K
  class space    used 14001K, committed 15104K, reserved 1048576K
}
Event: 87.117 GC heap after
{Heap after GC invocations=43 (full 0):
 garbage-first heap   total 138240K, used 88872K [0x0000000080000000, 0x0000000100000000)
  region size 1024K, 2 young (2048K), 2 survivors (2048K)
 Metaspace       used 101570K, committed 103744K, reserved 1179648K
  class space    used 14001K, committed 15104K, reserved 1048576K
}
Event: 90.419 GC heap before
{Heap before GC invocations=44 (full 0):
 garbage-first heap   total 157696K, used 130856K [0x0000000080000000, 0x0000000100000000)
  region size 1024K, 37 young (37888K), 2 survivors (2048K)
 Metaspace       used 104490K, committed 106624K, reserved 1179648K
  class space    used 14255K, committed 15296K, reserved 1048576K
}
Event: 90.438 GC heap after
{Heap after GC invocations=45 (full 0):
 garbage-first heap   total 157696K, used 105235K [0x0000000080000000, 0x0000000100000000)
  region size 1024K, 5 young (5120K), 5 survivors (5120K)
 Metaspace       used 104490K, committed 106624K, reserved 1179648K
  class space    used 14255K, committed 15296K, reserved 1048576K
}
Event: 92.685 GC heap before
{Heap before GC invocations=45 (full 0):
 garbage-first heap   total 157696K, used 134931K [0x0000000080000000, 0x0000000100000000)
  region size 1024K, 32 young (32768K), 5 survivors (5120K)
 Metaspace       used 105014K, committed 107136K, reserved 1179648K
  class space    used 14303K, committed 15360K, reserved 1048576K
}
Event: 92.712 GC heap after
{Heap after GC invocations=46 (full 0):
 garbage-first heap   total 157696K, used 115449K [0x0000000080000000, 0x0000000100000000)
  region size 1024K, 4 young (4096K), 4 survivors (4096K)
 Metaspace       used 105014K, committed 107136K, reserved 1179648K
  class space    used 14303K, committed 15360K, reserved 1048576K
}
Event: 92.716 GC heap before
{Heap before GC invocations=46 (full 0):
 garbage-first heap   total 157696K, used 115449K [0x0000000080000000, 0x0000000100000000)
  region size 1024K, 5 young (5120K), 4 survivors (4096K)
 Metaspace       used 105014K, committed 107136K, reserved 1179648K
  class space    used 14303K, committed 15360K, reserved 1048576K
}
Event: 92.724 GC heap after
{Heap after GC invocations=47 (full 0):
 garbage-first heap   total 157696K, used 116449K [0x0000000080000000, 0x0000000100000000)
  region size 1024K, 1 young (1024K), 1 survivors (1024K)
 Metaspace       used 105014K, committed 107136K, reserved 1179648K
  class space    used 14303K, committed 15360K, reserved 1048576K
}
Event: 94.749 GC heap before
{Heap before GC invocations=48 (full 0):
 garbage-first heap   total 203776K, used 149217K [0x0000000080000000, 0x0000000100000000)
  region size 1024K, 22 young (22528K), 1 survivors (1024K)
 Metaspace       used 107105K, committed 109248K, reserved 1179648K
  class space    used 14522K, committed 15616K, reserved 1048576K
}
Event: 94.755 GC heap after
{Heap after GC invocations=49 (full 0):
 garbage-first heap   total 203776K, used 119140K [0x0000000080000000, 0x0000000100000000)
  region size 1024K, 1 young (1024K), 1 survivors (1024K)
 Metaspace       used 107105K, committed 109248K, reserved 1179648K
  class space    used 14522K, committed 15616K, reserved 1048576K
}

